[1.498s] Invoking command in '/home/ubuntu/pi_ws/build/diff_drive_controller': CMAKE_PREFIX_PATH=/opt/ros/foxy /usr/bin/cmake /home/ubuntu/pi_ws/src/ros2_controllers/diff_drive_controller -DCMAKE_INSTALL_PREFIX=/home/ubuntu/pi_ws/install/diff_drive_controller
[2.948s] -- The C compiler identification is GNU 9.4.0
[4.108s] -- The CXX compiler identification is GNU 9.4.0
[4.142s] -- Check for working C compiler: /usr/bin/cc
[4.603s] -- Check for working C compiler: /usr/bin/cc -- works
[4.606s] -- Detecting C compiler ABI info
[5.040s] -- Detecting C compiler ABI info - done
[5.089s] -- Detecting C compile features
[5.090s] -- Detecting C compile features - done
[5.105s] -- Check for working CXX compiler: /usr/bin/c++
[5.588s] -- Check for working CXX compiler: /usr/bin/c++ -- works
[5.594s] -- Detecting CXX compiler ABI info
[6.064s] -- Detecting CXX compiler ABI info - done
[6.113s] -- Detecting CXX compile features
[6.115s] -- Detecting CXX compile features - done
[6.156s] -- Found ament_cmake: 0.9.12 (/opt/ros/foxy/share/ament_cmake/cmake)
[6.357s] -- Found PythonInterp: /usr/bin/python3 (found suitable version "3.8.10", minimum required is "3") 
[6.358s] -- Using PYTHON_EXECUTABLE: /usr/bin/python3
[7.705s] -- Found controller_interface: 0.11.0 (/opt/ros/foxy/share/controller_interface/cmake)
[8.014s] -- Using all available rosidl_typesupport_c: rosidl_typesupport_fastrtps_c;rosidl_typesupport_introspection_c
[8.078s] -- Found rosidl_adapter: 1.3.1 (/opt/ros/foxy/share/rosidl_adapter/cmake)
[9.062s] -- Found OpenSSL: /usr/lib/aarch64-linux-gnu/libcrypto.so (found version "1.1.1f")  
[9.339s] -- Found FastRTPS: /opt/ros/foxy/include  
[9.898s] -- Using all available rosidl_typesupport_cpp: rosidl_typesupport_fastrtps_cpp;rosidl_typesupport_introspection_cpp
[12.553s] -- Found rmw_implementation_cmake: 1.0.4 (/opt/ros/foxy/share/rmw_implementation_cmake/cmake)
[12.567s] -- Using RMW implementation 'rmw_fastrtps_cpp' as default
[12.576s] -- Looking for pthread.h
[13.047s] -- Looking for pthread.h - found
[13.050s] -- Performing Test CMAKE_HAVE_LIBC_PTHREAD
[13.529s] -- Performing Test CMAKE_HAVE_LIBC_PTHREAD - Failed
[13.530s] -- Looking for pthread_create in pthreads
[13.864s] -- Looking for pthread_create in pthreads - not found
[13.866s] -- Looking for pthread_create in pthread
[14.305s] -- Looking for pthread_create in pthread - found
[14.315s] -- Found Threads: TRUE  
[15.558s] -- Found nav_msgs: 2.0.5 (/opt/ros/foxy/share/nav_msgs/cmake)
[15.878s] -- Found realtime_tools: 2.2.0 (/opt/ros/foxy/share/realtime_tools/cmake)
[16.064s] -- Found tf2: 0.13.14 (/opt/ros/foxy/share/tf2/cmake)
[16.120s] -- Found tf2_msgs: 0.13.14 (/opt/ros/foxy/share/tf2_msgs/cmake)
[16.935s] -- Found ament_cmake_gmock: 0.9.12 (/opt/ros/foxy/share/ament_cmake_gmock/cmake)
[16.951s] -- Found controller_manager: 0.11.0 (/opt/ros/foxy/share/controller_manager/cmake)
[17.297s] -- Found gmock sources under '/opt/ros/foxy/src/gmock_vendor': C++ tests using 'Google Mock' will be built
[17.330s] -- Found ament_cmake_gtest: 0.9.12 (/opt/ros/foxy/share/ament_cmake_gtest/cmake)
[17.335s] -- Found gtest sources under '/opt/ros/foxy/src/gtest_vendor': C++ tests using 'Google Test' will be built
[18.166s] -- Configuring done
[18.718s] -- Generating done
[18.732s] -- Build files have been written to: /home/ubuntu/pi_ws/build/diff_drive_controller
[18.804s] Invoked command in '/home/ubuntu/pi_ws/build/diff_drive_controller' returned '0': CMAKE_PREFIX_PATH=/opt/ros/foxy /usr/bin/cmake /home/ubuntu/pi_ws/src/ros2_controllers/diff_drive_controller -DCMAKE_INSTALL_PREFIX=/home/ubuntu/pi_ws/install/diff_drive_controller
[18.807s] Invoking command in '/home/ubuntu/pi_ws/build/diff_drive_controller': CMAKE_PREFIX_PATH=/opt/ros/foxy /usr/bin/cmake --build /home/ubuntu/pi_ws/build/diff_drive_controller -- -j4 -l4
[19.288s] [35m[1mScanning dependencies of target gmock[0m
[19.294s] [35m[1mScanning dependencies of target gmock_main[0m
[19.352s] [35m[1mScanning dependencies of target diff_drive_controller[0m
[19.546s] [  6%] [32mBuilding CXX object gmock/CMakeFiles/gmock_main.dir/src/gmock_main.cc.o[0m
[19.707s] [ 13%] [32mBuilding CXX object gmock/CMakeFiles/gmock.dir/opt/ros/foxy/src/gtest_vendor/src/gtest-all.cc.o[0m
[19.731s] [ 20%] [32mBuilding CXX object gmock/CMakeFiles/gmock.dir/src/gmock-all.cc.o[0m
[20.567s] [ 26%] [32mBuilding CXX object CMakeFiles/diff_drive_controller.dir/src/diff_drive_controller.cpp.o[0m
[41.871s] [ 33%] [32m[1mLinking CXX static library libgmock_main.a[0m
[42.576s] [ 33%] Built target gmock_main
[52.834s] In file included from [01m[K/home/ubuntu/pi_ws/src/ros2_controllers/diff_drive_controller/src/diff_drive_controller.cpp:25[m[K:
[52.843s] [01m[K/home/ubuntu/pi_ws/src/ros2_controllers/diff_drive_controller/include/diff_drive_controller/diff_drive_controller.hpp:64:37:[m[K [01;31m[Kerror: [m[Kâ€˜[01m[Kcontroller_interface::return_type diff_drive_controller::DiffDriveController::update(const rclcpp::Time&, const rclcpp::Duration&)[m[Kâ€™ marked â€˜[01m[Koverride[m[Kâ€™, but does not override
[52.844s]    64 |   controller_interface::return_type [01;31m[Kupdate[m[K(
[52.846s]       |                                     [01;31m[K^~~~~~[m[K
[52.849s] [01m[K/home/ubuntu/pi_ws/src/ros2_controllers/diff_drive_controller/include/diff_drive_controller/diff_drive_controller.hpp:68:18:[m[K [01;31m[Kerror: [m[Kâ€˜[01m[Krclcpp_lifecycle::node_interfaces::LifecycleNodeInterface::CallbackReturn diff_drive_controller::DiffDriveController::on_init()[m[Kâ€™ marked â€˜[01m[Koverride[m[Kâ€™, but does not override
[52.859s]    68 |   CallbackReturn [01;31m[Kon_init[m[K() override;
[52.861s]       |                  [01;31m[K^~~~~~~[m[K
[53.966s] [01m[K/home/ubuntu/pi_ws/src/ros2_controllers/diff_drive_controller/src/diff_drive_controller.cpp:[m[K In member function â€˜[01m[Kcontroller_interface::return_type diff_drive_controller::DiffDriveController::update(const rclcpp::Time&, const rclcpp::Duration&)[m[Kâ€™:
[53.971s] [01m[K/home/ubuntu/pi_ws/src/ros2_controllers/diff_drive_controller/src/diff_drive_controller.cpp:139:7:[m[K [01;31m[Kerror: [m[Kâ€˜[01m[Kget_state[m[Kâ€™ was not declared in this scope; did you mean â€˜[01m[Ksetstate[m[Kâ€™?
[53.972s]   139 |   if ([01;31m[Kget_state[m[K().id() == State::PRIMARY_STATE_INACTIVE)
[53.974s]       |       [01;31m[K^~~~~~~~~[m[K
[53.975s]       |       [32m[Ksetstate[m[K
[70.525s] [ 40%] [32m[1mLinking CXX static library libgmock.a[0m
[71.092s] [ 40%] Built target gmock
[74.968s] In file included from [01m[K/opt/ros/foxy/include/class_loader/class_loader_core.hpp:57[m[K,
[74.968s]                  from [01m[K/opt/ros/foxy/include/class_loader/register_macro.hpp:45[m[K,
[74.969s]                  from [01m[K/home/ubuntu/pi_ws/src/ros2_controllers/diff_drive_controller/src/diff_drive_controller.cpp:622[m[K:
[74.969s] /opt/ros/foxy/include/class_loader/meta_object.hpp: In instantiation of â€˜[01m[KB* class_loader::impl::MetaObject<C, B>::create() const [with C = diff_drive_controller::DiffDriveController; B = controller_interface::ControllerInterface][m[Kâ€™:
[74.970s] [01m[K/opt/ros/foxy/include/class_loader/meta_object.hpp:216:7:[m[K   required from here
[74.970s] [01m[K/opt/ros/foxy/include/class_loader/meta_object.hpp:218:12:[m[K [01;31m[Kerror: [m[Kinvalid new-expression of abstract class type â€˜[01m[Kdiff_drive_controller::DiffDriveController[m[Kâ€™
[74.971s]   218 |     return [01;31m[Knew C[m[K;
[74.971s]       |            [01;31m[K^~~~~[m[K
[74.971s] In file included from [01m[K/home/ubuntu/pi_ws/src/ros2_controllers/diff_drive_controller/src/diff_drive_controller.cpp:25[m[K:
[74.972s] [01m[K/home/ubuntu/pi_ws/src/ros2_controllers/diff_drive_controller/include/diff_drive_controller/diff_drive_controller.hpp:49:7:[m[K [01;36m[Knote: [m[K  because the following virtual functions are pure within â€˜[01m[Kdiff_drive_controller::DiffDriveController[m[Kâ€™:
[74.972s]    49 | class [01;36m[KDiffDriveController[m[K : public controller_interface::ControllerInterface
[74.973s]       |       [01;36m[K^~~~~~~~~~~~~~~~~~~[m[K
[74.973s] In file included from [01m[K/home/ubuntu/pi_ws/src/ros2_controllers/diff_drive_controller/include/diff_drive_controller/diff_drive_controller.hpp:29[m[K,
[74.973s]                  from [01m[K/home/ubuntu/pi_ws/src/ros2_controllers/diff_drive_controller/src/diff_drive_controller.cpp:25[m[K:
[74.974s] [01m[K/opt/ros/foxy/include/controller_interface/controller_interface.hpp:98:23:[m[K [01;36m[Knote: [m[K	â€˜[01m[Kvirtual controller_interface::return_type controller_interface::ControllerInterface::update()[m[Kâ€™
[74.974s]    98 |   virtual return_type [01;36m[Kupdate[m[K() = 0;
[74.975s]       |                       [01;36m[K^~~~~~[m[K
[76.448s] make[2]: *** [CMakeFiles/diff_drive_controller.dir/build.make:63: CMakeFiles/diff_drive_controller.dir/src/diff_drive_controller.cpp.o] Error 1
[76.448s] make[1]: *** [CMakeFiles/Makefile2:212: CMakeFiles/diff_drive_controller.dir/all] Error 2
[76.449s] make: *** [Makefile:141: all] Error 2
