In file included from [01m[K/home/ubuntu/pi_ws/src/ros2_controllers/diff_drive_controller/src/diff_drive_controller.cpp:25[m[K:
[01m[K/home/ubuntu/pi_ws/src/ros2_controllers/diff_drive_controller/include/diff_drive_controller/diff_drive_controller.hpp:64:37:[m[K [01;31m[Kerror: [m[Kâ€˜[01m[Kcontroller_interface::return_type diff_drive_controller::DiffDriveController::update(const rclcpp::Time&, const rclcpp::Duration&)[m[Kâ€™ marked â€˜[01m[Koverride[m[Kâ€™, but does not override
   64 |   controller_interface::return_type [01;31m[Kupdate[m[K(
      |                                     [01;31m[K^~~~~~[m[K
[01m[K/home/ubuntu/pi_ws/src/ros2_controllers/diff_drive_controller/include/diff_drive_controller/diff_drive_controller.hpp:68:18:[m[K [01;31m[Kerror: [m[Kâ€˜[01m[Krclcpp_lifecycle::node_interfaces::LifecycleNodeInterface::CallbackReturn diff_drive_controller::DiffDriveController::on_init()[m[Kâ€™ marked â€˜[01m[Koverride[m[Kâ€™, but does not override
   68 |   CallbackReturn [01;31m[Kon_init[m[K() override;
      |                  [01;31m[K^~~~~~~[m[K
[01m[K/home/ubuntu/pi_ws/src/ros2_controllers/diff_drive_controller/src/diff_drive_controller.cpp:[m[K In member function â€˜[01m[Kcontroller_interface::return_type diff_drive_controller::DiffDriveController::update(const rclcpp::Time&, const rclcpp::Duration&)[m[Kâ€™:
[01m[K/home/ubuntu/pi_ws/src/ros2_controllers/diff_drive_controller/src/diff_drive_controller.cpp:139:7:[m[K [01;31m[Kerror: [m[Kâ€˜[01m[Kget_state[m[Kâ€™ was not declared in this scope; did you mean â€˜[01m[Ksetstate[m[Kâ€™?
  139 |   if ([01;31m[Kget_state[m[K().id() == State::PRIMARY_STATE_INACTIVE)
      |       [01;31m[K^~~~~~~~~[m[K
      |       [32m[Ksetstate[m[K
In file included from [01m[K/opt/ros/foxy/include/class_loader/class_loader_core.hpp:57[m[K,
                 from [01m[K/opt/ros/foxy/include/class_loader/register_macro.hpp:45[m[K,
                 from [01m[K/home/ubuntu/pi_ws/src/ros2_controllers/diff_drive_controller/src/diff_drive_controller.cpp:622[m[K:
/opt/ros/foxy/include/class_loader/meta_object.hpp: In instantiation of â€˜[01m[KB* class_loader::impl::MetaObject<C, B>::create() const [with C = diff_drive_controller::DiffDriveController; B = controller_interface::ControllerInterface][m[Kâ€™:
[01m[K/opt/ros/foxy/include/class_loader/meta_object.hpp:216:7:[m[K   required from here
[01m[K/opt/ros/foxy/include/class_loader/meta_object.hpp:218:12:[m[K [01;31m[Kerror: [m[Kinvalid new-expression of abstract class type â€˜[01m[Kdiff_drive_controller::DiffDriveController[m[Kâ€™
  218 |     return [01;31m[Knew C[m[K;
      |            [01;31m[K^~~~~[m[K
In file included from [01m[K/home/ubuntu/pi_ws/src/ros2_controllers/diff_drive_controller/src/diff_drive_controller.cpp:25[m[K:
[01m[K/home/ubuntu/pi_ws/src/ros2_controllers/diff_drive_controller/include/diff_drive_controller/diff_drive_controller.hpp:49:7:[m[K [01;36m[Knote: [m[K  because the following virtual functions are pure within â€˜[01m[Kdiff_drive_controller::DiffDriveController[m[Kâ€™:
   49 | class [01;36m[KDiffDriveController[m[K : public controller_interface::ControllerInterface
      |       [01;36m[K^~~~~~~~~~~~~~~~~~~[m[K
In file included from [01m[K/home/ubuntu/pi_ws/src/ros2_controllers/diff_drive_controller/include/diff_drive_controller/diff_drive_controller.hpp:29[m[K,
                 from [01m[K/home/ubuntu/pi_ws/src/ros2_controllers/diff_drive_controller/src/diff_drive_controller.cpp:25[m[K:
[01m[K/opt/ros/foxy/include/controller_interface/controller_interface.hpp:98:23:[m[K [01;36m[Knote: [m[K	â€˜[01m[Kvirtual controller_interface::return_type controller_interface::ControllerInterface::update()[m[Kâ€™
   98 |   virtual return_type [01;36m[Kupdate[m[K() = 0;
      |                       [01;36m[K^~~~~~[m[K
make[2]: *** [CMakeFiles/diff_drive_controller.dir/build.make:63: CMakeFiles/diff_drive_controller.dir/src/diff_drive_controller.cpp.o] Error 1
make[1]: *** [CMakeFiles/Makefile2:212: CMakeFiles/diff_drive_controller.dir/all] Error 2
make: *** [Makefile:141: all] Error 2
