[1.251s] Invoking command in '/home/ubuntu/pi_ws/build/diff_drive_controller': CMAKE_PREFIX_PATH=/opt/ros/foxy /usr/bin/cmake --build /home/ubuntu/pi_ws/build/diff_drive_controller -- -j4 -l4
[2.028s] [ 20%] Built target gmock
[2.035s] [ 33%] Built target gmock_main
[2.141s] [35m[1mScanning dependencies of target test_accumulator[0m
[2.175s] [ 40%] [32mBuilding CXX object CMakeFiles/diff_drive_controller.dir/src/diff_drive_controller.cpp.o[0m
[2.184s] [ 46%] [32mBuilding CXX object CMakeFiles/diff_drive_controller.dir/src/odometry.cpp.o[0m
[2.198s] [35m[1mScanning dependencies of target test_load_diff_drive_controller[0m
[2.412s] [ 53%] [32mBuilding CXX object CMakeFiles/test_accumulator.dir/test/test_accumulator.cpp.o[0m
[3.682s] [ 60%] [32mBuilding CXX object CMakeFiles/test_load_diff_drive_controller.dir/test/test_load_diff_drive_controller.cpp.o[0m
[8.836s] [ 66%] [32mBuilding CXX object CMakeFiles/diff_drive_controller.dir/src/speed_limiter.cpp.o[0m
[17.286s] [ 73%] [32m[1mLinking CXX executable test_accumulator[0m
[19.219s] [ 73%] Built target test_accumulator
[21.886s] In file included from [01m[K/home/ubuntu/pi_ws/src/ros2_controllers/diff_drive_controller/src/diff_drive_controller.cpp:25[m[K:
[21.887s] [01m[K/home/ubuntu/pi_ws/src/ros2_controllers/diff_drive_controller/include/diff_drive_controller/diff_drive_controller.hpp:64:37:[m[K [01;31m[Kerror: [m[Kâ€˜[01m[Kcontroller_interface::return_type diff_drive_controller::DiffDriveController::update(const rclcpp::Time&, const rclcpp::Duration&)[m[Kâ€™ marked â€˜[01m[Koverride[m[Kâ€™, but does not override
[21.888s]    64 |   controller_interface::return_type [01;31m[Kupdate[m[K(
[21.890s]       |                                     [01;31m[K^~~~~~[m[K
[21.891s] [01m[K/home/ubuntu/pi_ws/src/ros2_controllers/diff_drive_controller/include/diff_drive_controller/diff_drive_controller.hpp:68:18:[m[K [01;31m[Kerror: [m[Kâ€˜[01m[Krclcpp_lifecycle::node_interfaces::LifecycleNodeInterface::CallbackReturn diff_drive_controller::DiffDriveController::on_init()[m[Kâ€™ marked â€˜[01m[Koverride[m[Kâ€™, but does not override
[21.892s]    68 |   CallbackReturn [01;31m[Kon_init[m[K() override;
[21.893s]       |                  [01;31m[K^~~~~~~[m[K
[22.439s] [01m[K/home/ubuntu/pi_ws/src/ros2_controllers/diff_drive_controller/src/diff_drive_controller.cpp:[m[K In member function â€˜[01m[Kcontroller_interface::return_type diff_drive_controller::DiffDriveController::update(const rclcpp::Time&, const rclcpp::Duration&)[m[Kâ€™:
[22.440s] [01m[K/home/ubuntu/pi_ws/src/ros2_controllers/diff_drive_controller/src/diff_drive_controller.cpp:139:7:[m[K [01;31m[Kerror: [m[Kâ€˜[01m[Kget_state[m[Kâ€™ was not declared in this scope; did you mean â€˜[01m[Ksetstate[m[Kâ€™?
[22.441s]   139 |   if ([01;31m[Kget_state[m[K().id() == State::PRIMARY_STATE_INACTIVE)
[22.441s]       |       [01;31m[K^~~~~~~~~[m[K
[22.442s]       |       [32m[Ksetstate[m[K
[41.844s] [ 80%] [32m[1mLinking CXX executable test_load_diff_drive_controller[0m
[43.076s] In file included from [01m[K/opt/ros/foxy/include/class_loader/class_loader_core.hpp:57[m[K,
[43.079s]                  from [01m[K/opt/ros/foxy/include/class_loader/register_macro.hpp:45[m[K,
[43.083s]                  from [01m[K/home/ubuntu/pi_ws/src/ros2_controllers/diff_drive_controller/src/diff_drive_controller.cpp:622[m[K:
[43.087s] /opt/ros/foxy/include/class_loader/meta_object.hpp: In instantiation of â€˜[01m[KB* class_loader::impl::MetaObject<C, B>::create() const [with C = diff_drive_controller::DiffDriveController; B = controller_interface::ControllerInterface][m[Kâ€™:
[43.097s] [01m[K/opt/ros/foxy/include/class_loader/meta_object.hpp:216:7:[m[K   required from here
[43.116s] [01m[K/opt/ros/foxy/include/class_loader/meta_object.hpp:218:12:[m[K [01;31m[Kerror: [m[Kinvalid new-expression of abstract class type â€˜[01m[Kdiff_drive_controller::DiffDriveController[m[Kâ€™
[43.119s]   218 |     return [01;31m[Knew C[m[K;
[43.121s]       |            [01;31m[K^~~~~[m[K
[43.122s] In file included from [01m[K/home/ubuntu/pi_ws/src/ros2_controllers/diff_drive_controller/src/diff_drive_controller.cpp:25[m[K:
[43.125s] [01m[K/home/ubuntu/pi_ws/src/ros2_controllers/diff_drive_controller/include/diff_drive_controller/diff_drive_controller.hpp:49:7:[m[K [01;36m[Knote: [m[K  because the following virtual functions are pure within â€˜[01m[Kdiff_drive_controller::DiffDriveController[m[Kâ€™:
[43.139s]    49 | class [01;36m[KDiffDriveController[m[K : public controller_interface::ControllerInterface
[43.142s]       |       [01;36m[K^~~~~~~~~~~~~~~~~~~[m[K
[43.144s] In file included from [01m[K/home/ubuntu/pi_ws/src/ros2_controllers/diff_drive_controller/include/diff_drive_controller/diff_drive_controller.hpp:29[m[K,
[43.146s]                  from [01m[K/home/ubuntu/pi_ws/src/ros2_controllers/diff_drive_controller/src/diff_drive_controller.cpp:25[m[K:
[43.148s] [01m[K/opt/ros/foxy/include/controller_interface/controller_interface.hpp:98:23:[m[K [01;36m[Knote: [m[K	â€˜[01m[Kvirtual controller_interface::return_type controller_interface::ControllerInterface::update()[m[Kâ€™
[43.162s]    98 |   virtual return_type [01;36m[Kupdate[m[K() = 0;
[43.164s]       |                       [01;36m[K^~~~~~[m[K
[46.550s] [ 80%] Built target test_load_diff_drive_controller
[48.071s] make[2]: *** [CMakeFiles/diff_drive_controller.dir/build.make:63: CMakeFiles/diff_drive_controller.dir/src/diff_drive_controller.cpp.o] Error 1
[48.073s] make[1]: *** [CMakeFiles/Makefile2:212: CMakeFiles/diff_drive_controller.dir/all] Error 2
[48.074s] make: *** [Makefile:141: all] Error 2
