[2.055s] Invoking command in '/home/ubuntu/pi_ws/build/forward_command_controller': CMAKE_PREFIX_PATH=/opt/ros/foxy /usr/bin/cmake /home/ubuntu/pi_ws/src/ros2_controllers/forward_command_controller -DCMAKE_INSTALL_PREFIX=/home/ubuntu/pi_ws/install/forward_command_controller
[3.535s] -- The C compiler identification is GNU 9.4.0
[4.707s] -- The CXX compiler identification is GNU 9.4.0
[4.728s] -- Check for working C compiler: /usr/bin/cc
[5.196s] -- Check for working C compiler: /usr/bin/cc -- works
[5.211s] -- Detecting C compiler ABI info
[5.649s] -- Detecting C compiler ABI info - done
[5.693s] -- Detecting C compile features
[5.694s] -- Detecting C compile features - done
[5.703s] -- Check for working CXX compiler: /usr/bin/c++
[6.190s] -- Check for working CXX compiler: /usr/bin/c++ -- works
[6.199s] -- Detecting CXX compiler ABI info
[6.687s] -- Detecting CXX compiler ABI info - done
[6.734s] -- Detecting CXX compile features
[6.736s] -- Detecting CXX compile features - done
[6.755s] -- Found ament_cmake: 0.9.12 (/opt/ros/foxy/share/ament_cmake/cmake)
[6.944s] -- Found PythonInterp: /usr/bin/python3 (found suitable version "3.8.10", minimum required is "3") 
[6.945s] -- Using PYTHON_EXECUTABLE: /usr/bin/python3
[8.290s] -- Found controller_interface: 0.11.0 (/opt/ros/foxy/share/controller_interface/cmake)
[8.601s] -- Using all available rosidl_typesupport_c: rosidl_typesupport_fastrtps_c;rosidl_typesupport_introspection_c
[8.665s] -- Found rosidl_adapter: 1.3.1 (/opt/ros/foxy/share/rosidl_adapter/cmake)
[9.649s] -- Found OpenSSL: /usr/lib/aarch64-linux-gnu/libcrypto.so (found version "1.1.1f")  
[9.927s] -- Found FastRTPS: /opt/ros/foxy/include  
[10.486s] -- Using all available rosidl_typesupport_cpp: rosidl_typesupport_fastrtps_cpp;rosidl_typesupport_introspection_cpp
[13.140s] -- Found rmw_implementation_cmake: 1.0.4 (/opt/ros/foxy/share/rmw_implementation_cmake/cmake)
[13.154s] -- Using RMW implementation 'rmw_fastrtps_cpp' as default
[13.163s] -- Looking for pthread.h
[13.636s] -- Looking for pthread.h - found
[13.640s] -- Performing Test CMAKE_HAVE_LIBC_PTHREAD
[14.089s] -- Performing Test CMAKE_HAVE_LIBC_PTHREAD - Failed
[14.093s] -- Looking for pthread_create in pthreads
[14.449s] -- Looking for pthread_create in pthreads - not found
[14.450s] -- Looking for pthread_create in pthread
[14.916s] -- Looking for pthread_create in pthread - found
[14.922s] -- Found Threads: TRUE  
[16.149s] -- Found realtime_tools: 2.2.0 (/opt/ros/foxy/share/realtime_tools/cmake)
[16.552s] -- Found ament_cmake_gmock: 0.9.12 (/opt/ros/foxy/share/ament_cmake_gmock/cmake)
[16.573s] -- Found controller_manager: 0.11.0 (/opt/ros/foxy/share/controller_manager/cmake)
[16.868s] -- Found ros2_control_test_assets: 0.11.0 (/opt/ros/foxy/share/ros2_control_test_assets/cmake)
[16.892s] -- Found gmock sources under '/opt/ros/foxy/src/gmock_vendor': C++ tests using 'Google Mock' will be built
[16.927s] -- Found ament_cmake_gtest: 0.9.12 (/opt/ros/foxy/share/ament_cmake_gtest/cmake)
[16.939s] -- Found gtest sources under '/opt/ros/foxy/src/gtest_vendor': C++ tests using 'Google Test' will be built
[17.944s] -- Configuring done
[18.589s] -- Generating done
[18.601s] -- Build files have been written to: /home/ubuntu/pi_ws/build/forward_command_controller
[18.680s] Invoked command in '/home/ubuntu/pi_ws/build/forward_command_controller' returned '0': CMAKE_PREFIX_PATH=/opt/ros/foxy /usr/bin/cmake /home/ubuntu/pi_ws/src/ros2_controllers/forward_command_controller -DCMAKE_INSTALL_PREFIX=/home/ubuntu/pi_ws/install/forward_command_controller
[18.683s] Invoking command in '/home/ubuntu/pi_ws/build/forward_command_controller': CMAKE_PREFIX_PATH=/opt/ros/foxy /usr/bin/cmake --build /home/ubuntu/pi_ws/build/forward_command_controller -- -j4 -l4
[19.001s] [35m[1mScanning dependencies of target gmock_main[0m
[19.021s] [35m[1mScanning dependencies of target gmock[0m
[19.022s] [35m[1mScanning dependencies of target forward_command_controller[0m
[19.410s] [  9%] [32mBuilding CXX object gmock/CMakeFiles/gmock.dir/opt/ros/foxy/src/gtest_vendor/src/gtest-all.cc.o[0m
[19.423s] [ 18%] [32mBuilding CXX object gmock/CMakeFiles/gmock_main.dir/src/gmock_main.cc.o[0m
[19.433s] [ 27%] [32mBuilding CXX object gmock/CMakeFiles/gmock.dir/src/gmock-all.cc.o[0m
[20.321s] [ 36%] [32mBuilding CXX object CMakeFiles/forward_command_controller.dir/src/forward_command_controller.cpp.o[0m
[41.889s] [ 45%] [32m[1mLinking CXX static library libgmock_main.a[0m
[42.684s] [ 45%] Built target gmock_main
[50.190s] In file included from [01m[K/home/ubuntu/pi_ws/src/ros2_controllers/forward_command_controller/src/forward_command_controller.cpp:15[m[K:
[50.199s] [01m[K/home/ubuntu/pi_ws/src/ros2_controllers/forward_command_controller/include/forward_command_controller/forward_command_controller.hpp:60:18:[m[K [01;31m[Kerror: [m[Kâ€˜[01m[Krclcpp_lifecycle::node_interfaces::LifecycleNodeInterface::CallbackReturn forward_command_controller::ForwardCommandController::on_init()[m[Kâ€™ marked â€˜[01m[Koverride[m[Kâ€™, but does not override
[50.200s]    60 |   CallbackReturn [01;31m[Kon_init[m[K() override;
[50.201s]       |                  [01;31m[K^~~~~~~[m[K
[50.202s] [01m[K/home/ubuntu/pi_ws/src/ros2_controllers/forward_command_controller/include/forward_command_controller/forward_command_controller.hpp:72:37:[m[K [01;31m[Kerror: [m[Kâ€˜[01m[Kcontroller_interface::return_type forward_command_controller::ForwardCommandController::update(const rclcpp::Time&, const rclcpp::Duration&)[m[Kâ€™ marked â€˜[01m[Koverride[m[Kâ€™, but does not override
[50.203s]    72 |   controller_interface::return_type [01;31m[Kupdate[m[K(
[50.204s]       |                                     [01;31m[K^~~~~~[m[K
[68.479s] In file included from [01m[K/opt/ros/foxy/include/class_loader/class_loader_core.hpp:57[m[K,
[68.479s]                  from [01m[K/opt/ros/foxy/include/class_loader/class_loader.hpp:55[m[K,
[68.480s]                  from [01m[K/opt/ros/foxy/include/pluginlib/class_list_macros.hpp:40[m[K,
[68.481s]                  from [01m[K/home/ubuntu/pi_ws/src/ros2_controllers/forward_command_controller/src/forward_command_controller.cpp:192[m[K:
[68.482s] /opt/ros/foxy/include/class_loader/meta_object.hpp: In instantiation of â€˜[01m[KB* class_loader::impl::MetaObject<C, B>::create() const [with C = forward_command_controller::ForwardCommandController; B = controller_interface::ControllerInterface][m[Kâ€™:
[68.483s] [01m[K/opt/ros/foxy/include/class_loader/meta_object.hpp:216:7:[m[K   required from here
[68.484s] [01m[K/opt/ros/foxy/include/class_loader/meta_object.hpp:218:12:[m[K [01;31m[Kerror: [m[Kinvalid new-expression of abstract class type â€˜[01m[Kforward_command_controller::ForwardCommandController[m[Kâ€™
[68.484s]   218 |     return [01;31m[Knew C[m[K;
[68.486s]       |            [01;31m[K^~~~~[m[K
[68.487s] In file included from [01m[K/home/ubuntu/pi_ws/src/ros2_controllers/forward_command_controller/src/forward_command_controller.cpp:15[m[K:
[68.488s] [01m[K/home/ubuntu/pi_ws/src/ros2_controllers/forward_command_controller/include/forward_command_controller/forward_command_controller.hpp:47:7:[m[K [01;36m[Knote: [m[K  because the following virtual functions are pure within â€˜[01m[Kforward_command_controller::ForwardCommandController[m[Kâ€™:
[68.489s]    47 | class [01;36m[KForwardCommandController[m[K : public controller_interface::ControllerInterface
[68.490s]       |       [01;36m[K^~~~~~~~~~~~~~~~~~~~~~~~[m[K
[68.491s] In file included from [01m[K/home/ubuntu/pi_ws/src/ros2_controllers/forward_command_controller/include/forward_command_controller/forward_command_controller.hpp:22[m[K,
[68.491s]                  from [01m[K/home/ubuntu/pi_ws/src/ros2_controllers/forward_command_controller/src/forward_command_controller.cpp:15[m[K:
[68.492s] [01m[K/opt/ros/foxy/include/controller_interface/controller_interface.hpp:98:23:[m[K [01;36m[Knote: [m[K	â€˜[01m[Kvirtual controller_interface::return_type controller_interface::ControllerInterface::update()[m[Kâ€™
[68.493s]    98 |   virtual return_type [01;36m[Kupdate[m[K() = 0;
[68.494s]       |                       [01;36m[K^~~~~~[m[K
[70.374s] make[2]: *** [CMakeFiles/forward_command_controller.dir/build.make:63: CMakeFiles/forward_command_controller.dir/src/forward_command_controller.cpp.o] Error 1
[70.375s] make[1]: *** [CMakeFiles/Makefile2:153: CMakeFiles/forward_command_controller.dir/all] Error 2
[70.375s] make[1]: *** Waiting for unfinished jobs....
[72.124s] [ 54%] [32m[1mLinking CXX static library libgmock.a[0m
[72.781s] [ 54%] Built target gmock
[72.785s] make: *** [Makefile:141: all] Error 2
