[0.873s] Invoking command in '/home/ubuntu/pi_ws/build/force_torque_sensor_broadcaster': CMAKE_PREFIX_PATH=/opt/ros/foxy /usr/bin/cmake --build /home/ubuntu/pi_ws/build/force_torque_sensor_broadcaster -- -j4 -l4
[1.573s] [ 27%] Built target gmock
[1.653s] [ 45%] Built target gmock_main
[1.827s] [ 54%] [32mBuilding CXX object CMakeFiles/force_torque_sensor_broadcaster.dir/src/force_torque_sensor_broadcaster.cpp.o[0m
[1.837s] [35m[1mScanning dependencies of target test_load_force_torque_sensor_broadcaster[0m
[3.232s] [ 63%] [32mBuilding CXX object CMakeFiles/test_load_force_torque_sensor_broadcaster.dir/test/test_load_force_torque_sensor_broadcaster.cpp.o[0m
[21.746s] In file included from [01m[K/home/ubuntu/pi_ws/src/ros2_controllers/force_torque_sensor_broadcaster/src/force_torque_sensor_broadcaster.cpp:19[m[K:
[21.747s] [01m[K/home/ubuntu/pi_ws/src/ros2_controllers/force_torque_sensor_broadcaster/include/force_torque_sensor_broadcaster/force_torque_sensor_broadcaster.hpp:50:57:[m[K [01;31m[Kerror: [m[Kâ€˜[01m[Krclcpp_lifecycle::node_interfaces::LifecycleNodeInterface::CallbackReturn force_torque_sensor_broadcaster::ForceTorqueSensorBroadcaster::on_init()[m[Kâ€™ marked â€˜[01m[Koverride[m[Kâ€™, but does not override
[21.748s]    50 |   FORCE_TORQUE_SENSOR_BROADCASTER_PUBLIC CallbackReturn [01;31m[Kon_init[m[K() override;
[21.749s]       |                                                         [01;31m[K^~~~~~~[m[K
[21.750s] [01m[K/home/ubuntu/pi_ws/src/ros2_controllers/force_torque_sensor_broadcaster/include/force_torque_sensor_broadcaster/force_torque_sensor_broadcaster.hpp:62:37:[m[K [01;31m[Kerror: [m[Kâ€˜[01m[Kcontroller_interface::return_type force_torque_sensor_broadcaster::ForceTorqueSensorBroadcaster::update(const rclcpp::Time&, const rclcpp::Duration&)[m[Kâ€™ marked â€˜[01m[Koverride[m[Kâ€™, but does not override
[21.751s]    62 |   controller_interface::return_type [01;31m[Kupdate[m[K(
[21.752s]       |                                     [01;31m[K^~~~~~[m[K
[31.782s] In file included from [01m[K/opt/ros/foxy/include/class_loader/class_loader_core.hpp:57[m[K,
[31.784s]                  from [01m[K/opt/ros/foxy/include/class_loader/class_loader.hpp:55[m[K,
[31.785s]                  from [01m[K/opt/ros/foxy/include/pluginlib/class_list_macros.hpp:40[m[K,
[31.786s]                  from [01m[K/home/ubuntu/pi_ws/src/ros2_controllers/force_torque_sensor_broadcaster/src/force_torque_sensor_broadcaster.cpp:174[m[K:
[31.787s] /opt/ros/foxy/include/class_loader/meta_object.hpp: In instantiation of â€˜[01m[KB* class_loader::impl::MetaObject<C, B>::create() const [with C = force_torque_sensor_broadcaster::ForceTorqueSensorBroadcaster; B = controller_interface::ControllerInterface][m[Kâ€™:
[31.788s] [01m[K/opt/ros/foxy/include/class_loader/meta_object.hpp:216:7:[m[K   required from here
[31.789s] [01m[K/opt/ros/foxy/include/class_loader/meta_object.hpp:218:12:[m[K [01;31m[Kerror: [m[Kinvalid new-expression of abstract class type â€˜[01m[Kforce_torque_sensor_broadcaster::ForceTorqueSensorBroadcaster[m[Kâ€™
[31.790s]   218 |     return [01;31m[Knew C[m[K;
[31.790s]       |            [01;31m[K^~~~~[m[K
[31.791s] In file included from [01m[K/home/ubuntu/pi_ws/src/ros2_controllers/force_torque_sensor_broadcaster/src/force_torque_sensor_broadcaster.cpp:19[m[K:
[31.806s] [01m[K/home/ubuntu/pi_ws/src/ros2_controllers/force_torque_sensor_broadcaster/include/force_torque_sensor_broadcaster/force_torque_sensor_broadcaster.hpp:38:7:[m[K [01;36m[Knote: [m[K  because the following virtual functions are pure within â€˜[01m[Kforce_torque_sensor_broadcaster::ForceTorqueSensorBroadcaster[m[Kâ€™:
[31.807s]    38 | class [01;36m[KForceTorqueSensorBroadcaster[m[K : public controller_interface::ControllerInterface
[31.808s]       |       [01;36m[K^~~~~~~~~~~~~~~~~~~~~~~~~~~~[m[K
[31.809s] In file included from [01m[K/home/ubuntu/pi_ws/src/ros2_controllers/force_torque_sensor_broadcaster/include/force_torque_sensor_broadcaster/force_torque_sensor_broadcaster.hpp:26[m[K,
[31.810s]                  from [01m[K/home/ubuntu/pi_ws/src/ros2_controllers/force_torque_sensor_broadcaster/src/force_torque_sensor_broadcaster.cpp:19[m[K:
[31.811s] [01m[K/opt/ros/foxy/include/controller_interface/controller_interface.hpp:98:23:[m[K [01;36m[Knote: [m[K	â€˜[01m[Kvirtual controller_interface::return_type controller_interface::ControllerInterface::update()[m[Kâ€™
[31.812s]    98 |   virtual return_type [01;36m[Kupdate[m[K() = 0;
[31.813s]       |                       [01;36m[K^~~~~~[m[K
[33.203s] make[2]: *** [CMakeFiles/force_torque_sensor_broadcaster.dir/build.make:63: CMakeFiles/force_torque_sensor_broadcaster.dir/src/force_torque_sensor_broadcaster.cpp.o] Error 1
[33.204s] make[1]: *** [CMakeFiles/Makefile2:154: CMakeFiles/force_torque_sensor_broadcaster.dir/all] Error 2
[33.205s] make[1]: *** Waiting for unfinished jobs....
[43.372s] [ 72%] [32m[1mLinking CXX executable test_load_force_torque_sensor_broadcaster[0m
[47.869s] [ 72%] Built target test_load_force_torque_sensor_broadcaster
[47.872s] make: *** [Makefile:141: all] Error 2
