[0.551s] Invoking command in '/home/ubuntu/pi_ws/build/imu_sensor_broadcaster': CMAKE_PREFIX_PATH=/opt/ros/foxy /usr/bin/cmake /home/ubuntu/pi_ws/src/ros2_controllers/imu_sensor_broadcaster -DCMAKE_INSTALL_PREFIX=/home/ubuntu/pi_ws/install/imu_sensor_broadcaster
[1.968s] -- The C compiler identification is GNU 9.4.0
[3.127s] -- The CXX compiler identification is GNU 9.4.0
[3.163s] -- Check for working C compiler: /usr/bin/cc
[3.618s] -- Check for working C compiler: /usr/bin/cc -- works
[3.626s] -- Detecting C compiler ABI info
[4.069s] -- Detecting C compiler ABI info - done
[4.108s] -- Detecting C compile features
[4.114s] -- Detecting C compile features - done
[4.129s] -- Check for working CXX compiler: /usr/bin/c++
[4.619s] -- Check for working CXX compiler: /usr/bin/c++ -- works
[4.632s] -- Detecting CXX compiler ABI info
[5.114s] -- Detecting CXX compiler ABI info - done
[5.154s] -- Detecting CXX compile features
[5.156s] -- Detecting CXX compile features - done
[5.178s] -- Found ament_cmake: 0.9.12 (/opt/ros/foxy/share/ament_cmake/cmake)
[5.376s] -- Found PythonInterp: /usr/bin/python3 (found suitable version "3.8.10", minimum required is "3") 
[5.377s] -- Using PYTHON_EXECUTABLE: /usr/bin/python3
[6.726s] -- Found controller_interface: 0.11.0 (/opt/ros/foxy/share/controller_interface/cmake)
[7.034s] -- Using all available rosidl_typesupport_c: rosidl_typesupport_fastrtps_c;rosidl_typesupport_introspection_c
[7.098s] -- Found rosidl_adapter: 1.3.1 (/opt/ros/foxy/share/rosidl_adapter/cmake)
[8.084s] -- Found OpenSSL: /usr/lib/aarch64-linux-gnu/libcrypto.so (found version "1.1.1f")  
[8.361s] -- Found FastRTPS: /opt/ros/foxy/include  
[8.920s] -- Using all available rosidl_typesupport_cpp: rosidl_typesupport_fastrtps_cpp;rosidl_typesupport_introspection_cpp
[11.575s] -- Found rmw_implementation_cmake: 1.0.4 (/opt/ros/foxy/share/rmw_implementation_cmake/cmake)
[11.586s] -- Using RMW implementation 'rmw_fastrtps_cpp' as default
[11.597s] -- Looking for pthread.h
[12.078s] -- Looking for pthread.h - found
[12.079s] -- Performing Test CMAKE_HAVE_LIBC_PTHREAD
[12.554s] -- Performing Test CMAKE_HAVE_LIBC_PTHREAD - Failed
[12.555s] -- Looking for pthread_create in pthreads
[12.895s] -- Looking for pthread_create in pthreads - not found
[12.908s] -- Looking for pthread_create in pthread
[13.347s] -- Looking for pthread_create in pthread - found
[13.348s] -- Found Threads: TRUE  
[14.582s] -- Found realtime_tools: 2.2.0 (/opt/ros/foxy/share/realtime_tools/cmake)
[14.986s] -- Found ament_cmake_gmock: 0.9.12 (/opt/ros/foxy/share/ament_cmake_gmock/cmake)
[15.007s] -- Found controller_manager: 0.11.0 (/opt/ros/foxy/share/controller_manager/cmake)
[15.300s] -- Found ros2_control_test_assets: 0.11.0 (/opt/ros/foxy/share/ros2_control_test_assets/cmake)
[15.326s] -- Found gmock sources under '/opt/ros/foxy/src/gmock_vendor': C++ tests using 'Google Mock' will be built
[15.362s] -- Found ament_cmake_gtest: 0.9.12 (/opt/ros/foxy/share/ament_cmake_gtest/cmake)
[15.373s] -- Found gtest sources under '/opt/ros/foxy/src/gtest_vendor': C++ tests using 'Google Test' will be built
[16.894s] -- Configuring done
[17.491s] -- Generating done
[17.503s] -- Build files have been written to: /home/ubuntu/pi_ws/build/imu_sensor_broadcaster
[17.567s] Invoked command in '/home/ubuntu/pi_ws/build/imu_sensor_broadcaster' returned '0': CMAKE_PREFIX_PATH=/opt/ros/foxy /usr/bin/cmake /home/ubuntu/pi_ws/src/ros2_controllers/imu_sensor_broadcaster -DCMAKE_INSTALL_PREFIX=/home/ubuntu/pi_ws/install/imu_sensor_broadcaster
[17.573s] Invoking command in '/home/ubuntu/pi_ws/build/imu_sensor_broadcaster': CMAKE_PREFIX_PATH=/opt/ros/foxy /usr/bin/cmake --build /home/ubuntu/pi_ws/build/imu_sensor_broadcaster -- -j4 -l4
[18.118s] [35m[1mScanning dependencies of target gmock[0m
[18.128s] [35m[1mScanning dependencies of target imu_sensor_broadcaster[0m
[18.136s] [35m[1mScanning dependencies of target gmock_main[0m
[18.418s] [  9%] [32mBuilding CXX object gmock/CMakeFiles/gmock_main.dir/src/gmock_main.cc.o[0m
[18.483s] [ 18%] [32mBuilding CXX object gmock/CMakeFiles/gmock.dir/opt/ros/foxy/src/gtest_vendor/src/gtest-all.cc.o[0m
[18.496s] [ 27%] [32mBuilding CXX object gmock/CMakeFiles/gmock.dir/src/gmock-all.cc.o[0m
[19.137s] [ 36%] [32mBuilding CXX object CMakeFiles/imu_sensor_broadcaster.dir/src/imu_sensor_broadcaster.cpp.o[0m
[40.967s] [ 45%] [32m[1mLinking CXX static library libgmock_main.a[0m
[41.593s] [ 45%] Built target gmock_main
[49.494s] In file included from [01m[K/home/ubuntu/pi_ws/src/ros2_controllers/imu_sensor_broadcaster/src/imu_sensor_broadcaster.cpp:19[m[K:
[49.512s] [01m[K/home/ubuntu/pi_ws/src/ros2_controllers/imu_sensor_broadcaster/include/imu_sensor_broadcaster/imu_sensor_broadcaster.hpp:47:48:[m[K [01;31m[Kerror: [m[Kâ€˜[01m[Krclcpp_lifecycle::node_interfaces::LifecycleNodeInterface::CallbackReturn imu_sensor_broadcaster::IMUSensorBroadcaster::on_init()[m[Kâ€™ marked â€˜[01m[Koverride[m[Kâ€™, but does not override
[49.513s]    47 |   IMU_SENSOR_BROADCASTER_PUBLIC CallbackReturn [01;31m[Kon_init[m[K() override;
[49.515s]       |                                                [01;31m[K^~~~~~~[m[K
[49.517s] [01m[K/home/ubuntu/pi_ws/src/ros2_controllers/imu_sensor_broadcaster/include/imu_sensor_broadcaster/imu_sensor_broadcaster.hpp:59:37:[m[K [01;31m[Kerror: [m[Kâ€˜[01m[Kcontroller_interface::return_type imu_sensor_broadcaster::IMUSensorBroadcaster::update(const rclcpp::Time&, const rclcpp::Duration&)[m[Kâ€™ marked â€˜[01m[Koverride[m[Kâ€™, but does not override
[49.518s]    59 |   controller_interface::return_type [01;31m[Kupdate[m[K(
[49.520s]       |                                     [01;31m[K^~~~~~[m[K
[62.964s] In file included from [01m[K/opt/ros/foxy/include/class_loader/class_loader_core.hpp:57[m[K,
[62.968s]                  from [01m[K/opt/ros/foxy/include/class_loader/class_loader.hpp:55[m[K,
[62.970s]                  from [01m[K/opt/ros/foxy/include/pluginlib/class_list_macros.hpp:40[m[K,
[62.971s]                  from [01m[K/home/ubuntu/pi_ws/src/ros2_controllers/imu_sensor_broadcaster/src/imu_sensor_broadcaster.cpp:130[m[K:
[62.972s] /opt/ros/foxy/include/class_loader/meta_object.hpp: In instantiation of â€˜[01m[KB* class_loader::impl::MetaObject<C, B>::create() const [with C = imu_sensor_broadcaster::IMUSensorBroadcaster; B = controller_interface::ControllerInterface][m[Kâ€™:
[62.973s] [01m[K/opt/ros/foxy/include/class_loader/meta_object.hpp:216:7:[m[K   required from here
[62.974s] [01m[K/opt/ros/foxy/include/class_loader/meta_object.hpp:218:12:[m[K [01;31m[Kerror: [m[Kinvalid new-expression of abstract class type â€˜[01m[Kimu_sensor_broadcaster::IMUSensorBroadcaster[m[Kâ€™
[62.975s]   218 |     return [01;31m[Knew C[m[K;
[62.976s]       |            [01;31m[K^~~~~[m[K
[62.977s] In file included from [01m[K/home/ubuntu/pi_ws/src/ros2_controllers/imu_sensor_broadcaster/src/imu_sensor_broadcaster.cpp:19[m[K:
[62.978s] [01m[K/home/ubuntu/pi_ws/src/ros2_controllers/imu_sensor_broadcaster/include/imu_sensor_broadcaster/imu_sensor_broadcaster.hpp:38:7:[m[K [01;36m[Knote: [m[K  because the following virtual functions are pure within â€˜[01m[Kimu_sensor_broadcaster::IMUSensorBroadcaster[m[Kâ€™:
[62.979s]    38 | class [01;36m[KIMUSensorBroadcaster[m[K : public controller_interface::ControllerInterface
[62.996s]       |       [01;36m[K^~~~~~~~~~~~~~~~~~~~[m[K
[62.997s] In file included from [01m[K/home/ubuntu/pi_ws/src/ros2_controllers/imu_sensor_broadcaster/include/imu_sensor_broadcaster/imu_sensor_broadcaster.hpp:26[m[K,
[62.998s]                  from [01m[K/home/ubuntu/pi_ws/src/ros2_controllers/imu_sensor_broadcaster/src/imu_sensor_broadcaster.cpp:19[m[K:
[62.998s] [01m[K/opt/ros/foxy/include/controller_interface/controller_interface.hpp:98:23:[m[K [01;36m[Knote: [m[K	â€˜[01m[Kvirtual controller_interface::return_type controller_interface::ControllerInterface::update()[m[Kâ€™
[62.999s]    98 |   virtual return_type [01;36m[Kupdate[m[K() = 0;
[63.000s]       |                       [01;36m[K^~~~~~[m[K
[64.317s] make[2]: *** [CMakeFiles/imu_sensor_broadcaster.dir/build.make:63: CMakeFiles/imu_sensor_broadcaster.dir/src/imu_sensor_broadcaster.cpp.o] Error 1
[64.318s] make[1]: *** [CMakeFiles/Makefile2:182: CMakeFiles/imu_sensor_broadcaster.dir/all] Error 2
[64.319s] make[1]: *** Waiting for unfinished jobs....
[69.646s] [ 54%] [32m[1mLinking CXX static library libgmock.a[0m
[70.293s] [ 54%] Built target gmock
[70.297s] make: *** [Makefile:141: all] Error 2
[70.306s] Invoked command in '/home/ubuntu/pi_ws/build/imu_sensor_broadcaster' returned '2': CMAKE_PREFIX_PATH=/opt/ros/foxy /usr/bin/cmake --build /home/ubuntu/pi_ws/build/imu_sensor_broadcaster -- -j4 -l4
