[2.621s] Invoking command in '/home/ubuntu/pi_ws/build/tank_controller': /usr/bin/cmake --build /home/ubuntu/pi_ws/build/tank_controller -- -j4 -l4
[2.756s] -- Found ament_cmake: 0.9.12 (/opt/ros/foxy/share/ament_cmake/cmake)
[2.901s] -- Using PYTHON_EXECUTABLE: /usr/bin/python3
[4.148s] -- Found rclpy: 1.0.13 (/opt/ros/foxy/share/rclpy/cmake)
[4.148s] -- Found sensor_msgs: 2.0.5 (/opt/ros/foxy/share/sensor_msgs/cmake)
[4.309s] -- Using all available rosidl_typesupport_c: rosidl_typesupport_fastrtps_c;rosidl_typesupport_introspection_c
[4.321s] -- Found rosidl_adapter: 1.3.1 (/opt/ros/foxy/share/rosidl_adapter/cmake)
[5.423s] -- Using all available rosidl_typesupport_cpp: rosidl_typesupport_fastrtps_cpp;rosidl_typesupport_introspection_cpp
[6.205s] -- Found ament_lint_auto: 0.9.8 (/opt/ros/foxy/share/ament_lint_auto/cmake)
[6.493s] Error parsing '/home/ubuntu/pi_ws/src/tank_controller/package.xml':
[7.333s] Traceback (most recent call last):
[7.334s]   File "/opt/ros/foxy/share/ament_cmake_core/cmake/core/package_xml_2_cmake.py", line 143, in <module>
[7.336s]     main()
[7.337s]   File "/opt/ros/foxy/share/ament_cmake_core/cmake/core/package_xml_2_cmake.py", line 52, in main
[7.339s]     raise e
[7.340s]   File "/opt/ros/foxy/share/ament_cmake_core/cmake/core/package_xml_2_cmake.py", line 48, in main
[7.341s]     package = parse_package_string(
[7.343s]   File "/usr/lib/python3/dist-packages/catkin_pkg/package.py", line 786, in parse_package_string
[7.344s]     raise InvalidPackage('Error(s):%s' % (''.join(['\n- %s' % e for e in errors])), filename)
[7.346s] catkin_pkg.package.InvalidPackage: Error(s) in package '/home/ubuntu/pi_ws/src/tank_controller/package.xml':
[7.347s] Error(s):
[7.348s] - The generic dependency on 'rclpy' is redundant with: exec_depend
[7.350s] - The generic dependency on 'sensor_msgs' is redundant with: exec_depend
[7.351s] - The generic dependency on 'geometry_msgs' is redundant with: exec_depend
[7.464s] CMake Error at /opt/ros/foxy/share/ament_cmake_core/cmake/core/ament_package_xml.cmake:94 (message):
[7.465s]   execute_process(/usr/bin/python3
[7.465s]   /opt/ros/foxy/share/ament_cmake_core/cmake/core/package_xml_2_cmake.py
[7.466s]   /home/ubuntu/pi_ws/src/tank_controller/package.xml
[7.467s]   /home/ubuntu/pi_ws/build/tank_controller/ament_cmake_core/package.cmake)
[7.467s]   returned error code 1
[7.468s] Call Stack (most recent call first):
[7.468s]   /opt/ros/foxy/share/ament_cmake_core/cmake/core/ament_package_xml.cmake:49 (_ament_package_xml)
[7.468s]   /opt/ros/foxy/share/ament_lint_auto/cmake/ament_lint_auto_find_test_dependencies.cmake:31 (ament_package_xml)
[7.469s]   CMakeLists.txt:37 (ament_lint_auto_find_test_dependencies)
[7.469s] 
[7.470s] 
[7.475s] -- Configuring incomplete, errors occurred!
[7.476s] See also "/home/ubuntu/pi_ws/build/tank_controller/CMakeFiles/CMakeOutput.log".
[7.506s] make: *** [Makefile:222: cmake_check_build_system] Error 1
[11.040s] Invoked command in '/home/ubuntu/pi_ws/build/tank_controller' returned '2': /usr/bin/cmake --build /home/ubuntu/pi_ws/build/tank_controller -- -j4 -l4
